<?xml version="1.0" encoding="UTF-8"?>
<coverage generated="1551352516463" clover="3.2.0">
  <project timestamp="1551352516463" name="All files">
    <metrics statements="21" coveredstatements="13" conditionals="12" coveredconditionals="7" methods="6" coveredmethods="4" elements="39" coveredelements="24" complexity="0" loc="21" ncloc="21" packages="1" files="1" classes="1"/>
    <file name="Serve.ts" path="D:\koa-router-static\src\Serve.ts">
      <metrics statements="21" coveredstatements="13" conditionals="12" coveredconditionals="7" methods="6" coveredmethods="4"/>
      <line num="2" count="1" type="stmt"/>
      <line num="3" count="1" type="stmt"/>
      <line num="8" count="2" type="stmt"/>
      <line num="9" count="2" type="stmt"/>
      <line num="10" count="2" type="stmt"/>
      <line num="11" count="2" type="cond" truecount="1" falsecount="1"/>
      <line num="16" count="1" type="stmt"/>
      <line num="17" count="1" type="stmt"/>
      <line num="18" count="1" type="cond" truecount="2" falsecount="0"/>
      <line num="19" count="1" type="stmt"/>
      <line num="27" count="2" type="stmt"/>
      <line num="32" count="2" type="stmt"/>
      <line num="35" count="0" type="stmt"/>
      <line num="41" count="0" type="stmt"/>
      <line num="45" count="0" type="stmt"/>
      <line num="46" count="0" type="stmt"/>
      <line num="49" count="0" type="stmt"/>
      <line num="53" count="0" type="stmt"/>
      <line num="57" count="0" type="stmt"/>
      <line num="60" count="0" type="stmt"/>
      <line num="66" count="1" type="stmt"/>
    </file>
  </project>
</coverage>
