{"D:\\koa-router-static\\src\\Serve.ts": {"path":"D:\\koa-router-static\\src\\Serve.ts","statementMap":{"0":{"start":{"line":2,"column":0},"end":{"line":2,"column":33}},"1":{"start":{"line":3,"column":0},"end":{"line":3,"column":29}},"2":{"start":{"line":8,"column":17},"end":{"line":8,"column":36}},"3":{"start":{"line":9,"column":23},"end":{"line":9,"column":41}},"4":{"start":{"line":10,"column":15},"end":{"line":10,"column":49}},"5":{"start":{"line":11,"column":2},"end":{"line":11,"column":21}},"6":{"start":{"line":17,"column":23},"end":{"line":17,"column":44}},"7":{"start":{"line":18,"column":25},"end":{"line":18,"column":38}},"8":{"start":{"line":19,"column":19},"end":{"line":22,"column":null}},"9":{"start":{"line":27,"column":4},"end":{"line":43,"column":6}},"10":{"start":{"line":27,"column":46},"end":{"line":43,"column":6}},"11":{"start":{"line":32,"column":10},"end":{"line":32,"column":71}},"12":{"start":{"line":35,"column":12},"end":{"line":35,"column":22}},"13":{"start":{"line":41,"column":8},"end":{"line":41,"column":21}},"14":{"start":{"line":45,"column":4},"end":{"line":63,"column":6}},"15":{"start":{"line":45,"column":46},"end":{"line":63,"column":6}},"16":{"start":{"line":46,"column":6},"end":{"line":46,"column":19}},"17":{"start":{"line":49,"column":8},"end":{"line":49,"column":15}},"18":{"start":{"line":53,"column":8},"end":{"line":53,"column":15}},"19":{"start":{"line":57,"column":8},"end":{"line":57,"column":47}},"20":{"start":{"line":60,"column":10},"end":{"line":60,"column":20}},"21":{"start":{"line":66,"column":2},"end":{"line":66,"column":59}},"22":{"start":{"line":16,"column":0},"end":{"line":16,"column":16}}},"fnMap":{"0":{"name":"getCtxPath","decl":{"start":{"line":7,"column":9},"end":{"line":7,"column":19}},"loc":{"start":{"line":7,"column":54},"end":{"line":12,"column":1}}},"1":{"name":"Serve","decl":{"start":{"line":16,"column":16},"end":{"line":16,"column":21}},"loc":{"start":{"line":16,"column":81},"end":{"line":67,"column":1}}},"2":{"name":"(anonymous_2)","decl":{"start":{"line":27,"column":17},"end":{"line":27,"column":24}},"loc":{"start":{"line":27,"column":46},"end":{"line":43,"column":6}}},"3":{"name":"(anonymous_3)","decl":{"start":{"line":27,"column":46},"end":{"line":27,"column":null}},"loc":{"start":{"line":27,"column":46},"end":{"line":43,"column":5}}},"4":{"name":"(anonymous_4)","decl":{"start":{"line":45,"column":17},"end":{"line":45,"column":24}},"loc":{"start":{"line":45,"column":46},"end":{"line":63,"column":6}}},"5":{"name":"(anonymous_5)","decl":{"start":{"line":45,"column":46},"end":{"line":45,"column":null}},"loc":{"start":{"line":45,"column":46},"end":{"line":63,"column":5}}}},"branchMap":{"0":{"loc":{"start":{"line":11,"column":9},"end":{"line":11,"column":13}},"type":"binary-expr","locations":[{"start":{"line":11,"column":9},"end":{"line":11,"column":13}},{"start":{"line":11,"column":17},"end":{"line":11,"column":20}}]},"1":{"loc":{"start":{"line":18,"column":25},"end":{"line":18,"column":32}},"type":"binary-expr","locations":[{"start":{"line":18,"column":25},"end":{"line":18,"column":32}},{"start":{"line":18,"column":36},"end":{"line":18,"column":38}}]},"2":{"loc":{"start":{"line":21,"column":11},"end":{"line":21,"column":31}},"type":"binary-expr","locations":[{"start":{"line":21,"column":11},"end":{"line":21,"column":31}},{"start":{"line":21,"column":35},"end":{"line":21,"column":47}}]},"3":{"loc":{"start":{"line":30,"column":10},"end":{"line":30,"column":31}},"type":"binary-expr","locations":[{"start":{"line":30,"column":10},"end":{"line":30,"column":31}},{"start":{"line":30,"column":35},"end":{"line":30,"column":55}}]},"4":{"loc":{"start":{"line":48,"column":10},"end":{"line":48,"column":31}},"type":"binary-expr","locations":[{"start":{"line":48,"column":10},"end":{"line":48,"column":31}},{"start":{"line":48,"column":35},"end":{"line":48,"column":55}}]},"5":{"loc":{"start":{"line":52,"column":10},"end":{"line":52,"column":26}},"type":"binary-expr","locations":[{"start":{"line":52,"column":10},"end":{"line":52,"column":26}},{"start":{"line":52,"column":30},"end":{"line":52,"column":48}}]}},"s":{"0":1,"1":1,"2":2,"3":2,"4":2,"5":2,"6":1,"7":1,"8":1,"9":1,"10":2,"11":2,"12":0,"13":0,"14":0,"15":0,"16":0,"17":0,"18":0,"19":0,"20":0,"21":1,"22":1},"f":{"0":2,"1":1,"2":2,"3":2,"4":0,"5":0},"b":{"0":[2,0],"1":[1,1],"2":[1,1],"3":[2,2],"4":[0,0],"5":[0,0]}}
}
