TN:
SF:D:\koa-router-static\src\Serve.ts
FN:7,getCtxPath
FN:16,Serve
FN:27,(anonymous_2)
FN:27,(anonymous_3)
FN:45,(anonymous_4)
FN:45,(anonymous_5)
FNF:6
FNH:4
FNDA:2,getCtxPath
FNDA:1,Serve
FNDA:2,(anonymous_2)
FNDA:2,(anonymous_3)
FNDA:0,(anonymous_4)
FNDA:0,(anonymous_5)
DA:2,1
DA:3,1
DA:8,2
DA:9,2
DA:10,2
DA:11,2
DA:16,1
DA:17,1
DA:18,1
DA:19,1
DA:27,2
DA:32,2
DA:35,0
DA:41,0
DA:45,0
DA:46,0
DA:49,0
DA:53,0
DA:57,0
DA:60,0
DA:66,1
LF:21
LH:13
BRDA:11,0,0,2
BRDA:11,0,1,0
BRDA:18,1,0,1
BRDA:18,1,1,1
BRDA:21,2,0,1
BRDA:21,2,1,1
BRDA:30,3,0,2
BRDA:30,3,1,2
BRDA:48,4,0,0
BRDA:48,4,1,0
BRDA:52,5,0,0
BRDA:52,5,1,0
BRF:12
BRH:7
end_of_record
